<?xml version="1.0" encoding="UTF-8"?>
<!-- Generated by org.testng.reporters.JUnitReportReporter -->
<testsuite hostname="IRSYADMA" failures="0" tests="6" name="com.UjianAxiata.runtest.testgistgithub" time="24.251" errors="0" timestamp="2022-02-04T15:18:24 ICT" skipped="0">
  <testcase classname="com.UjianAxiata.runtest.testgistgithub" name="gotoWeblogin" time="10.828"/>
  <system-out/>
  <testcase classname="com.UjianAxiata.runtest.testgistgithub" name="create_a_gist" time="3.080"/>
  <system-out/>
  <testcase classname="com.UjianAxiata.runtest.testgistgithub" name="seelist_of_gist" time="1.007"/>
  <system-out/>
  <testcase classname="com.UjianAxiata.runtest.testgistgithub" name="delete_of_gist" time="2.464"/>
  <system-out/>
  <testcase classname="com.UjianAxiata.runtest.testgistgithub" name="edit_of_gist" time="3.604"/>
  <system-out/>
  <testcase classname="com.UjianAxiata.runtest.testgistgithub" name="logout_of_gist" time="3.268"/>
  <system-out/>
</testsuite> <!-- com.UjianAxiata.runtest.testgistgithub -->
