<?xml version="1.0" encoding="UTF-8"?>
<!-- Generated by org.testng.reporters.JUnitReportReporter -->
<testsuite hostname="IRSYADMA" failures="0" tests="6" name="com.UjianAxiata.runtest.testgistgithub" time="32.448" errors="0" timestamp="2022-02-04T14:54:44 ICT" skipped="0">
  <testcase classname="com.UjianAxiata.runtest.testgistgithub" name="gotoWeblogin" time="15.011"/>
  <system-out/>
  <testcase classname="com.UjianAxiata.runtest.testgistgithub" name="create_a_gist" time="4.188"/>
  <system-out/>
  <testcase classname="com.UjianAxiata.runtest.testgistgithub" name="seelist_of_gist" time="1.570"/>
  <system-out/>
  <testcase classname="com.UjianAxiata.runtest.testgistgithub" name="delete_of_gist" time="2.586"/>
  <system-out/>
  <testcase classname="com.UjianAxiata.runtest.testgistgithub" name="edit_of_gist" time="4.583"/>
  <system-out/>
  <testcase classname="com.UjianAxiata.runtest.testgistgithub" name="logout_of_gist" time="4.510"/>
  <system-out/>
</testsuite> <!-- com.UjianAxiata.runtest.testgistgithub -->
